2025-06-08 16:10:52 INFO     run_nesting.py v0.19.1-diag-nolimit (TEST: Geen IFP Limiet) gestart.
2025-06-08 16:10:52 INFO     Logbestand: C:\nesting2\nesting_run.log
2025-06-08 16:10:52 INFO     Shapely & Pyclipper gevonden. Clipper Schaal: 10000.0
2025-06-08 16:10:52 INFO     Job file 'C:\nesting2\temp_jobs\job-1749391851975-08e85a37.json' geladen (0.00s).
2025-06-08 16:10:52 INFO     Parameters: partSpacing=5, sheetMargin=10, allowRotation='2', bestFitScore='YX', maxIfpPoints=NO_LIMIT_TEST
2025-06-08 16:10:52 INFO     Data voorbereiden...
2025-06-08 16:10:52 INFO     Voorbereiding voltooid (0.00s).
2025-06-08 16:10:52 INFO     25 onderdeel-instanties te plaatsen.
2025-06-08 16:10:52 INFO     1 plaat-instanties beschikbaar (1 diktes).
2025-06-08 16:10:52 INFO     Start nesting (TEST: Geen IFP Limiet + STRtree)...
2025-06-08 16:10:52 INFO     [1/25] Verwerken: upload-1749389274195-179107741.step_inst_1 (100mm_square.step) Dikte: 5
2025-06-08 16:10:52 INFO       ==> Geplaatst (TEST NoLimit): upload-1749389274195-179107741.step_inst_1 op manual_1_inst_1 @ (12.5, 12.5) R:0.0
2025-06-08 16:10:52 INFO     [2/25] Verwerken: upload-1749389274195-179107741.step_inst_2 (100mm_square.step) Dikte: 5
2025-06-08 16:10:52 INFO       ==> Geplaatst (TEST NoLimit): upload-1749389274195-179107741.step_inst_2 op manual_1_inst_1 @ (2387.5, 12.5) R:90.0
2025-06-08 16:10:52 INFO     [3/25] Verwerken: upload-1749389274195-179107741.step_inst_3 (100mm_square.step) Dikte: 5
2025-06-08 16:10:52 INFO       ==> Geplaatst (TEST NoLimit): upload-1749389274195-179107741.step_inst_3 op manual_1_inst_1 @ (2282.5, 112.5) R:90.0
2025-06-08 16:10:52 INFO     [4/25] Verwerken: upload-1749389274195-179107741.step_inst_4 (100mm_square.step) Dikte: 5
2025-06-08 16:10:52 INFO       ==> Geplaatst (TEST NoLimit): upload-1749389274195-179107741.step_inst_4 op manual_1_inst_1 @ (112.5, 117.5) R:0.0
2025-06-08 16:10:52 INFO     [5/25] Verwerken: upload-1749389274195-179107741.step_inst_5 (100mm_square.step) Dikte: 5
2025-06-08 16:10:53 INFO       ==> Geplaatst (TEST NoLimit): upload-1749389274195-179107741.step_inst_5 op manual_1_inst_1 @ (10.1, 221.8) R:90.0
2025-06-08 16:10:53 INFO     [6/25] Verwerken: upload-1749389274195-179107741.step_inst_6 (100mm_square.step) Dikte: 5
2025-06-08 16:10:53 INFO       ==> Geplaatst (TEST NoLimit): upload-1749389274195-179107741.step_inst_6 op manual_1_inst_1 @ (2177.5, 212.5) R:90.0
2025-06-08 16:10:53 INFO     [7/25] Verwerken: upload-1749389274195-179107741.step_inst_7 (100mm_square.step) Dikte: 5
2025-06-08 16:10:54 INFO       ==> Geplaatst (TEST NoLimit): upload-1749389274195-179107741.step_inst_7 op manual_1_inst_1 @ (2072.5, 312.6) R:90.0
2025-06-08 16:10:54 INFO     [8/25] Verwerken: upload-1749389274195-179107741.step_inst_8 (100mm_square.step) Dikte: 5
2025-06-08 16:10:55 INFO       ==> Geplaatst (TEST NoLimit): upload-1749389274195-179107741.step_inst_8 op manual_1_inst_1 @ (110.1, 326.8) R:0.0
2025-06-08 16:10:55 INFO     [9/25] Verwerken: upload-1749389274195-179107741.step_inst_9 (100mm_square.step) Dikte: 5
2025-06-08 16:10:56 INFO       ==> Geplaatst (TEST NoLimit): upload-1749389274195-179107741.step_inst_9 op manual_1_inst_1 @ (10.0, 431.8) R:90.0
2025-06-08 16:10:56 INFO     [10/25] Verwerken: upload-1749389274195-179107741.step_inst_10 (100mm_square.step) Dikte: 5
2025-06-08 16:10:57 INFO       ==> Geplaatst (TEST NoLimit): upload-1749389274195-179107741.step_inst_10 op manual_1_inst_1 @ (1967.5, 412.6) R:90.0
2025-06-08 16:10:57 INFO     [11/25] Verwerken: upload-1749389274195-179107741.step_inst_11 (100mm_square.step) Dikte: 5
2025-06-08 16:10:58 INFO       ==> Geplaatst (TEST NoLimit): upload-1749389274195-179107741.step_inst_11 op manual_1_inst_1 @ (1862.5, 512.6) R:90.0
2025-06-08 16:10:58 INFO     [12/25] Verwerken: upload-1749389274195-179107741.step_inst_12 (100mm_square.step) Dikte: 5
2025-06-08 16:10:59 INFO       ==> Geplaatst (TEST NoLimit): upload-1749389274195-179107741.step_inst_12 op manual_1_inst_1 @ (110.0, 536.8) R:0.0
2025-06-08 16:10:59 INFO     [13/25] Verwerken: upload-1749389274195-179107741.step_inst_13 (100mm_square.step) Dikte: 5
2025-06-08 16:11:01 INFO       ==> Geplaatst (TEST NoLimit): upload-1749389274195-179107741.step_inst_13 op manual_1_inst_1 @ (1757.5, 612.6) R:90.0
2025-06-08 16:11:01 INFO     [14/25] Verwerken: upload-1749389274195-179107741.step_inst_14 (100mm_square.step) Dikte: 5
2025-06-08 16:11:02 INFO       ==> Geplaatst (TEST NoLimit): upload-1749389274195-179107741.step_inst_14 op manual_1_inst_1 @ (210.0, 641.8) R:0.0
2025-06-08 16:11:02 INFO     [15/25] Verwerken: upload-1749389274195-179107741.step_inst_15 (100mm_square.step) Dikte: 5
2025-06-08 16:11:04 INFO       ==> Geplaatst (TEST NoLimit): upload-1749389274195-179107741.step_inst_15 op manual_1_inst_1 @ (210.1, 431.8) R:0.0
2025-06-08 16:11:04 INFO     [16/25] Verwerken: upload-1749389274195-179107741.step_inst_16 (100mm_square.step) Dikte: 5
2025-06-08 16:11:06 INFO       ==> Geplaatst (TEST NoLimit): upload-1749389274195-179107741.step_inst_16 op manual_1_inst_1 @ (212.5, 222.5) R:0.0
2025-06-08 16:11:06 INFO     [17/25] Verwerken: upload-1749389274195-179107741.step_inst_17 (100mm_square.step) Dikte: 5
2025-06-08 16:11:08 INFO       ==> Geplaatst (TEST NoLimit): upload-1749389274195-179107741.step_inst_17 op manual_1_inst_1 @ (105.0, 741.9) R:90.0
2025-06-08 16:11:08 INFO     [18/25] Verwerken: upload-1749389274195-179107741.step_inst_18 (100mm_square.step) Dikte: 5
2025-06-08 16:11:10 INFO       ==> Geplaatst (TEST NoLimit): upload-1749389274195-179107741.step_inst_18 op manual_1_inst_1 @ (1652.5, 712.7) R:90.0
2025-06-08 16:11:10 INFO     [19/25] Verwerken: upload-1749389274195-179107741.step_inst_19 (100mm_square.step) Dikte: 5
2025-06-08 16:11:12 INFO       ==> Geplaatst (TEST NoLimit): upload-1749389274195-179107741.step_inst_19 op manual_1_inst_1 @ (1547.5, 812.7) R:90.0
2025-06-08 16:11:12 INFO     [20/25] Verwerken: upload-1749389274195-179107741.step_inst_20 (100mm_square.step) Dikte: 5
2025-06-08 16:11:14 INFO       ==> Geplaatst (TEST NoLimit): upload-1749389274195-179107741.step_inst_20 op manual_1_inst_1 @ (205.1, 846.9) R:0.0
2025-06-08 16:11:14 INFO     [21/25] Verwerken: upload-1749389274195-179107741.step_inst_21 (100mm_square.step) Dikte: 5
2025-06-08 16:11:16 INFO       ==> Geplaatst (TEST NoLimit): upload-1749389274195-179107741.step_inst_21 op manual_1_inst_1 @ (100.1, 946.9) R:90.0
2025-06-08 16:11:16 INFO     [22/25] Verwerken: upload-1749389274195-179107741.step_inst_22 (100mm_square.step) Dikte: 5
2025-06-08 16:11:19 INFO       ==> Geplaatst (TEST NoLimit): upload-1749389274195-179107741.step_inst_22 op manual_1_inst_1 @ (1442.5, 912.7) R:90.0
2025-06-08 16:11:19 INFO     [23/25] Verwerken: upload-1749389274195-179107741.step_inst_23 (100mm_square.step) Dikte: 5
2025-06-08 16:11:22 INFO       ==> Geplaatst (TEST NoLimit): upload-1749389274195-179107741.step_inst_23 op manual_1_inst_1 @ (1337.5, 1012.7) R:90.0
2025-06-08 16:11:22 INFO     [24/25] Verwerken: upload-1749389274195-179107741.step_inst_24 (100mm_square.step) Dikte: 5
2025-06-08 16:11:24 INFO       ==> Geplaatst (TEST NoLimit): upload-1749389274195-179107741.step_inst_24 op manual_1_inst_1 @ (200.1, 1051.9) R:0.0
2025-06-08 16:11:24 INFO     [25/25] Verwerken: upload-1749389274195-179107741.step_inst_25 (100mm_square.step) Dikte: 5
2025-06-08 16:11:27 INFO       ==> Geplaatst (TEST NoLimit): upload-1749389274195-179107741.step_inst_25 op manual_1_inst_1 @ (305.1, 951.9) R:0.0
2025-06-08 16:11:27 INFO     Nesting loop voltooid (35.49s).
2025-06-08 16:11:27 INFO     Resultaten formatteren...
2025-06-08 16:11:27 INFO     Resultaat naar stdout sturen.
2025-06-08 16:11:27 INFO     Statistieken: {"totalPartsRequested": 25, "totalPartsPlaced": 25, "totalPartsUnplaced": 0, "initiallySkipped": 0, "unplacedDuringNesting": 0, "nestingTimeSeconds": 35.49, "preparationTimeSeconds": 0.0, "loadingTimeSeconds": 0.0}
